
> rstech-website@0.1.0 build
> next build

▲ Next.js 16.2.6 (Turbopack)

⚠ The "middleware" file convention is deprecated. Please use "proxy" instead. Learn more: https://nextjs.org/docs/messages/middleware-to-proxy
  Creating an optimized production build ...
✓ Compiled successfully in 27.3s
  Running TypeScript ...
  Finished TypeScript in 2.1min ...
  Collecting page data using 5 workers ...
  Generating static pages using 5 workers (0/683) ...
  Generating static pages using 5 workers (170/683) 
  Generating static pages using 5 workers (341/683) 
  Generating static pages using 5 workers (512/683) 
  Generating static pages using 5 workers (675/683) 
✓ Generating static pages using 5 workers (683/683) in 2.8min
  Finalizing page optimization ...

Route (app)
┌ ○ /
├ ○ /_not-found
├ ● /[locale]
│ ├ /en
│ └ /he
├ ● /[locale]/about
│ ├ /en/about
│ └ /he/about
├ ● /[locale]/accessibility
│ ├ /en/accessibility
│ └ /he/accessibility
├ ● /[locale]/companies
│ ├ /en/companies
│ └ /he/companies
├ ● /[locale]/companies/gore
│ ├ /en/companies/gore
│ └ /he/companies/gore
├ ● /[locale]/companies/gore/parts
│ ├ /en/companies/gore/parts
│ └ /he/companies/gore/parts
├ ● /[locale]/companies/gore/parts/[partNumber]
│ ├ /en/companies/gore/parts/AAV10307
│ ├ /en/companies/gore/parts/AAV10307-R
│ ├ /en/companies/gore/parts/AMF300114
│ └ [+273 more paths]
├ ● /[locale]/companies/gore/products
│ ├ /en/companies/gore/products
│ └ /he/companies/gore/products
├ ● /[locale]/companies/gore/products/[productId]
│ ├ /en/companies/gore/products/data-can-bus
│ ├ /he/companies/gore/products/data-can-bus
│ ├ /en/companies/gore/products/data-coaxial
│ └ [+105 more paths]
├ ● /[locale]/companies/gore/products/data-can-bus
│ ├ /en/companies/gore/products/data-can-bus
│ └ /he/companies/gore/products/data-can-bus
├ ● /[locale]/companies/gore/products/data-coaxial
│ ├ /en/companies/gore/products/data-coaxial
│ └ /he/companies/gore/products/data-coaxial
├ ● /[locale]/companies/gore/products/data-dvi
│ ├ /en/companies/gore/products/data-dvi
│ └ /he/companies/gore/products/data-dvi
├ ● /[locale]/companies/gore/products/data-ethernet
│ ├ /en/companies/gore/products/data-ethernet
│ └ /he/companies/gore/products/data-ethernet
├ ● /[locale]/companies/gore/products/data-fiber-optic
│ ├ /en/companies/gore/products/data-fiber-optic
│ └ /he/companies/gore/products/data-fiber-optic
├ ● /[locale]/companies/gore/products/data-fibre-channel
│ ├ /en/companies/gore/products/data-fibre-channel
│ └ /he/companies/gore/products/data-fibre-channel
├ ● /[locale]/companies/gore/products/data-firewire
│ ├ /en/companies/gore/products/data-firewire
│ └ /he/companies/gore/products/data-firewire
├ ● /[locale]/companies/gore/products/data-flat
│ ├ /en/companies/gore/products/data-flat
│ └ /he/companies/gore/products/data-flat
├ ● /[locale]/companies/gore/products/data-hdmi
│ ├ /en/companies/gore/products/data-hdmi
│ └ /he/companies/gore/products/data-hdmi
├ ● /[locale]/companies/gore/products/data-quad
│ ├ /en/companies/gore/products/data-quad
│ └ /he/companies/gore/products/data-quad
├ ● /[locale]/companies/gore/products/data-stp
│ ├ /en/companies/gore/products/data-stp
│ └ /he/companies/gore/products/data-stp
├ ● /[locale]/companies/gore/products/data-ultra-clean
│ ├ /en/companies/gore/products/data-ultra-clean
│ └ /he/companies/gore/products/data-ultra-clean
├ ● /[locale]/companies/gore/products/data-usb
│ ├ /en/companies/gore/products/data-usb
│ └ /he/companies/gore/products/data-usb
├ ● /[locale]/companies/gore/products/hf-flat
│ ├ /en/companies/gore/products/hf-flat
│ └ /he/companies/gore/products/hf-flat
├ ● /[locale]/companies/gore/products/hf-hybrid-round
│ ├ /en/companies/gore/products/hf-hybrid-round
│ └ /he/companies/gore/products/hf-hybrid-round
├ ● /[locale]/companies/gore/products/hf-insulated-wires
│ ├ /en/companies/gore/products/hf-insulated-wires
│ └ /he/companies/gore/products/hf-insulated-wires
├ ● /[locale]/companies/gore/products/hf-trackless
│ ├ /en/companies/gore/products/hf-trackless
│ └ /he/companies/gore/products/hf-trackless
├ ● /[locale]/companies/gore/products/ins-abrasion
│ ├ /en/companies/gore/products/ins-abrasion
│ └ /he/companies/gore/products/ins-abrasion
├ ● /[locale]/companies/gore/products/ins-braids
│ ├ /en/companies/gore/products/ins-braids
│ └ /he/companies/gore/products/ins-braids
├ ● /[locale]/companies/gore/products/ins-protection-systems
│ ├ /en/companies/gore/products/ins-protection-systems
│ └ /he/companies/gore/products/ins-protection-systems
├ ● /[locale]/companies/gore/products/pwr-aerospace-wire
│ ├ /en/companies/gore/products/pwr-aerospace-wire
│ └ /he/companies/gore/products/pwr-aerospace-wire
├ ● /[locale]/companies/gore/products/pwr-capacitor-films
│ ├ /en/companies/gore/products/pwr-capacitor-films
│ └ /he/companies/gore/products/pwr-capacitor-films
├ ● /[locale]/companies/gore/products/pwr-feeder
│ ├ /en/companies/gore/products/pwr-feeder
│ └ /he/companies/gore/products/pwr-feeder
├ ● /[locale]/companies/gore/products/pwr-magnet-wire
│ ├ /en/companies/gore/products/pwr-magnet-wire
│ └ /he/companies/gore/products/pwr-magnet-wire
├ ● /[locale]/companies/gore/products/rf-airframe
│ ├ /en/companies/gore/products/rf-airframe
│ └ /he/companies/gore/products/rf-airframe
├ ● /[locale]/companies/gore/products/rf-general
│ ├ /en/companies/gore/products/rf-general
│ └ /he/companies/gore/products/rf-general
├ ● /[locale]/companies/gore/products/rf-phaseflex
│ ├ /en/companies/gore/products/rf-phaseflex
│ └ /he/companies/gore/products/rf-phaseflex
├ ● /[locale]/companies/gore/products/rf-vapor-sealed
│ ├ /en/companies/gore/products/rf-vapor-sealed
│ └ /he/companies/gore/products/rf-vapor-sealed
├ ● /[locale]/companies/gore/products/rf-vna
│ ├ /en/companies/gore/products/rf-vna
│ └ /he/companies/gore/products/rf-vna
├ ● /[locale]/companies/gore/products/seal-skyflex
│ ├ /en/companies/gore/products/seal-skyflex
│ └ /he/companies/gore/products/seal-skyflex
├ ● /[locale]/companies/gore/products/space-asw
│ ├ /en/companies/gore/products/space-asw
│ └ /he/companies/gore/products/space-asw
├ ● /[locale]/companies/gore/products/space-csc
│ ├ /en/companies/gore/products/space-csc
│ └ /he/companies/gore/products/space-csc
├ ● /[locale]/companies/gore/products/space-cswl
│ ├ /en/companies/gore/products/space-cswl
│ └ /he/companies/gore/products/space-cswl
├ ● /[locale]/companies/gore/products/space-lew
│ ├ /en/companies/gore/products/space-lew
│ └ /he/companies/gore/products/space-lew
├ ● /[locale]/companies/gore/products/space-spaceflight
│ ├ /en/companies/gore/products/space-spaceflight
│ └ /he/companies/gore/products/space-spaceflight
├ ● /[locale]/companies/gore/products/space-spacewire
│ ├ /en/companies/gore/products/space-spacewire
│ └ /he/companies/gore/products/space-spacewire
├ ● /[locale]/companies/gore/products/space-spm
│ ├ /en/companies/gore/products/space-spm
│ └ /he/companies/gore/products/space-spm
├ ● /[locale]/companies/gore/products/spec-drone
│ ├ /en/companies/gore/products/spec-drone
│ └ /he/companies/gore/products/spec-drone
├ ● /[locale]/companies/gore/products/spec-mil1760
│ ├ /en/companies/gore/products/spec-mil1760
│ └ /he/companies/gore/products/spec-mil1760
├ ● /[locale]/companies/gore/products/vent-auto-acoustic
│ ├ /en/companies/gore/products/vent-auto-acoustic
│ └ /he/companies/gore/products/vent-auto-acoustic
├ ● /[locale]/companies/gore/products/vent-auto-battery
│ ├ /en/companies/gore/products/vent-auto-battery
│ └ /he/companies/gore/products/vent-auto-battery
├ ● /[locale]/companies/gore/products/vent-auto-electronics
│ ├ /en/companies/gore/products/vent-auto-electronics
│ └ /he/companies/gore/products/vent-auto-electronics
├ ● /[locale]/companies/gore/products/vent-auto-lighting
│ ├ /en/companies/gore/products/vent-auto-lighting
│ └ /he/companies/gore/products/vent-auto-lighting
├ ● /[locale]/companies/gore/products/vent-auto-powertrain
│ ├ /en/companies/gore/products/vent-auto-powertrain
│ └ /he/companies/gore/products/vent-auto-powertrain
├ ● /[locale]/companies/gore/products/vent-oe-adhesive
│ ├ /en/companies/gore/products/vent-oe-adhesive
│ └ /he/companies/gore/products/vent-oe-adhesive
├ ● /[locale]/companies/gore/products/vent-oe-screw-in
│ ├ /en/companies/gore/products/vent-oe-screw-in
│ └ /he/companies/gore/products/vent-oe-screw-in
├ ● /[locale]/companies/gore/products/vent-oe-snap-in
│ ├ /en/companies/gore/products/vent-oe-snap-in
│ └ /he/companies/gore/products/vent-oe-snap-in
├ ● /[locale]/companies/gore/products/vent-oe-tube-mount
│ ├ /en/companies/gore/products/vent-oe-tube-mount
│ └ /he/companies/gore/products/vent-oe-tube-mount
├ ● /[locale]/companies/gore/products/vent-oe-weldable
│ ├ /en/companies/gore/products/vent-oe-weldable
│ └ /he/companies/gore/products/vent-oe-weldable
├ ● /[locale]/companies/gore/products/vent-pe-acoustic
│ ├ /en/companies/gore/products/vent-pe-acoustic
│ └ /he/companies/gore/products/vent-pe-acoustic
├ ● /[locale]/companies/gore/products/vent-pe-mems
│ ├ /en/companies/gore/products/vent-pe-mems
│ └ /he/companies/gore/products/vent-pe-mems
├ ● /[locale]/companies/gore/products/vent-pe-pressure
│ ├ /en/companies/gore/products/vent-pe-pressure
│ └ /he/companies/gore/products/vent-pe-pressure
├ ● /[locale]/companies/gore/products/vent-pkg-liners
│ ├ /en/companies/gore/products/vent-pkg-liners
│ └ /he/companies/gore/products/vent-pkg-liners
├ ● /[locale]/companies/gore/products/vent-pkg-plugin
│ ├ /en/companies/gore/products/vent-pkg-plugin
│ └ /he/companies/gore/products/vent-pkg-plugin
├ ● /[locale]/companies/jae
│ ├ /en/companies/jae
│ └ /he/companies/jae
├ ● /[locale]/companies/jae/products
│ ├ /en/companies/jae/products
│ └ /he/companies/jae/products
├ ● /[locale]/companies/jae/products/[productId]
│ ├ /en/companies/jae/products/jae-wp7
│ ├ /he/companies/jae/products/jae-wp7
│ ├ /en/companies/jae/products/jae-wp10
│ └ [+29 more paths]
├ ● /[locale]/companies/tsubaki
│ ├ /en/companies/tsubaki
│ └ /he/companies/tsubaki
├ ● /[locale]/companies/tsubaki/cables
│ ├ /en/companies/tsubaki/cables
│ └ /he/companies/tsubaki/cables
├ ● /[locale]/companies/tsubaki/cables/[category]
│ ├ /en/companies/tsubaki/cables/control
│ ├ /en/companies/tsubaki/cables/power
│ ├ /en/companies/tsubaki/cables/data
│ └ [+13 more paths]
├ ● /[locale]/companies/tsubaki/cables/[category]/[cableId]
│ ├ /en/companies/tsubaki/cables/control/control-200
│ ├ /he/companies/tsubaki/cables/control/control-200
│ ├ /en/companies/tsubaki/cables/control/control-200c
│ └ [+85 more paths]
├ ● /[locale]/companies/tsubaki/carriers
│ ├ /en/companies/tsubaki/carriers
│ └ /he/companies/tsubaki/carriers
├ ● /[locale]/companies/tsubaki/carriers/[carrierId]
│ ├ /en/companies/tsubaki/carriers/cc-mono
│ ├ /he/companies/tsubaki/carriers/cc-mono
│ ├ /en/companies/tsubaki/carriers/cc-quicktrax
│ └ [+45 more paths]
├ ● /[locale]/companies/tsubaki/products
│ ├ /en/companies/tsubaki/products
│ └ /he/companies/tsubaki/products
├ ● /[locale]/companies/tsubaki/products/[productId]
│ ├ /en/companies/tsubaki/products/cc-mono
│ ├ /he/companies/tsubaki/products/cc-mono
│ ├ /en/companies/tsubaki/products/cc-quicktrax
│ └ [+69 more paths]
├ ● /[locale]/companies/tsubaki/products/cab-bus
│ ├ /en/companies/tsubaki/products/cab-bus
│ └ /he/companies/tsubaki/products/cab-bus
├ ● /[locale]/companies/tsubaki/products/cab-coaxial
│ ├ /en/companies/tsubaki/products/cab-coaxial
│ └ /he/companies/tsubaki/products/cab-coaxial
├ ● /[locale]/companies/tsubaki/products/cab-control
│ ├ /en/companies/tsubaki/products/cab-control
│ └ /he/companies/tsubaki/products/cab-control
├ ● /[locale]/companies/tsubaki/products/cab-data
│ ├ /en/companies/tsubaki/products/cab-data
│ └ /he/companies/tsubaki/products/cab-data
├ ● /[locale]/companies/tsubaki/products/cab-foc
│ ├ /en/companies/tsubaki/products/cab-foc
│ └ /he/companies/tsubaki/products/cab-foc
├ ● /[locale]/companies/tsubaki/products/cab-hv
│ ├ /en/companies/tsubaki/products/cab-hv
│ └ /he/companies/tsubaki/products/cab-hv
├ ● /[locale]/companies/tsubaki/products/cab-oem
│ ├ /en/companies/tsubaki/products/cab-oem
│ └ /he/companies/tsubaki/products/cab-oem
├ ● /[locale]/companies/tsubaki/products/cab-power
│ ├ /en/companies/tsubaki/products/cab-power
│ └ /he/companies/tsubaki/products/cab-power
├ ● /[locale]/companies/tsubaki/products/cc-cleanveyor
│ ├ /en/companies/tsubaki/products/cc-cleanveyor
│ └ /he/companies/tsubaki/products/cc-cleanveyor
├ ● /[locale]/companies/tsubaki/products/cc-easytrax
│ ├ /en/companies/tsubaki/products/cc-easytrax
│ └ /he/companies/tsubaki/products/cc-easytrax
├ ● /[locale]/companies/tsubaki/products/cc-flatveyor
│ ├ /en/companies/tsubaki/products/cc-flatveyor
│ └ /he/companies/tsubaki/products/cc-flatveyor
├ ● /[locale]/companies/tsubaki/products/cc-mono
│ ├ /en/companies/tsubaki/products/cc-mono
│ └ /he/companies/tsubaki/products/cc-mono
├ ● /[locale]/companies/tsubaki/products/cc-protum
│ ├ /en/companies/tsubaki/products/cc-protum
│ └ /he/companies/tsubaki/products/cc-protum
├ ● /[locale]/companies/tsubaki/products/cc-quantum
│ ├ /en/companies/tsubaki/products/cc-quantum
│ └ /he/companies/tsubaki/products/cc-quantum
├ ● /[locale]/companies/tsubaki/products/cc-quicktrax
│ ├ /en/companies/tsubaki/products/cc-quicktrax
│ └ /he/companies/tsubaki/products/cc-quicktrax
├ ● /[locale]/companies/tsubaki/products/cc-robotrax
│ ├ /en/companies/tsubaki/products/cc-robotrax
│ └ /he/companies/tsubaki/products/cc-robotrax
├ ● /[locale]/companies/tsubaki/products/cc-ssx
│ ├ /en/companies/tsubaki/products/cc-ssx
│ └ /he/companies/tsubaki/products/cc-ssx
├ ● /[locale]/companies/tsubaki/products/cc-tkhp
│ ├ /en/companies/tsubaki/products/cc-tkhp
│ └ /he/companies/tsubaki/products/cc-tkhp
├ ● /[locale]/companies/tsubaki/products/cc-tkr
│ ├ /en/companies/tsubaki/products/cc-tkr
│ └ /he/companies/tsubaki/products/cc-tkr
├ ● /[locale]/companies/tsubaki/products/cc-uniflex
│ ├ /en/companies/tsubaki/products/cc-uniflex
│ └ /he/companies/tsubaki/products/cc-uniflex
├ ● /[locale]/companies/tsubaki/products/conv-systems
│ ├ /en/companies/tsubaki/products/conv-systems
│ └ /he/companies/tsubaki/products/conv-systems
├ ● /[locale]/companies/tsubaki/products/guide-bellows
│ ├ /en/companies/tsubaki/products/guide-bellows
│ └ /he/companies/tsubaki/products/guide-bellows
├ ● /[locale]/companies/tsubaki/products/guide-telescopic
│ ├ /en/companies/tsubaki/products/guide-telescopic
│ └ /he/companies/tsubaki/products/guide-telescopic
├ ● /[locale]/companies/tsubaki/products/machine-protection
│ ├ /en/companies/tsubaki/products/machine-protection
│ └ /he/companies/tsubaki/products/machine-protection
├ ● /[locale]/contact
│ ├ /en/contact
│ └ /he/contact
├ ● /[locale]/knowledge-base
│ ├ /en/knowledge-base
│ └ /he/knowledge-base
├ ● /[locale]/knowledge-base/[slug]
│ ├ /en/knowledge-base/cable-carrier-selection-guide
│ └ /he/knowledge-base/cable-carrier-selection-guide
├ ● /[locale]/privacy
│ ├ /en/privacy
│ └ /he/privacy
├ ƒ /api/contact
├ ƒ /api/indexnow
├ ○ /icon.svg
├ ○ /robots.txt
└ ○ /sitemap.xml


ƒ Proxy (Middleware)

○  (Static)   prerendered as static content
●  (SSG)      prerendered as static HTML (uses generateStaticParams)
ƒ  (Dynamic)  server-rendered on demand

